# JRE version: OpenJDK Runtime Environment (8.0_242-b01) (build 1.8.0_242-release-1644-b01)
# Java VM: OpenJDK 64-Bit Server VM (25.242-b01 mixed mode windows-amd64 compressed oops)
Heap:
 PSYoungGen      total 192512K, used 159095K [0x00000000d5580000, 0x00000000e2a80000, 0x0000000100000000)
  eden space 181760K, 81% used [0x00000000d5580000,0x00000000de6bb898,0x00000000e0700000)
  from space 10752K, 96% used [0x00000000e2000000,0x00000000e2a224b8,0x00000000e2a80000)
  to   space 13824K, 0% used [0x00000000e0f80000,0x00000000e0f80000,0x00000000e1d00000)
 ParOldGen       total 66048K, used 17174K [0x0000000080000000, 0x0000000084080000, 0x00000000d5580000)
  object space 66048K, 26% used [0x0000000080000000,0x00000000810c5ba8,0x0000000084080000)
 Metaspace       used 52211K, capacity 54320K, committed 54568K, reserved 1095680K
  class space    used 6988K, capacity 7432K, committed 7472K, reserved 1048576K
GC Heap History (10 events):
Event: 4.964 GC heap before
{Heap before GC invocations=8 (full 1):
 PSYoungGen      total 76800K, used 3744K [0x00000000d5580000, 0x00000000deb80000, 0x0000000100000000)
  eden space 66048K, 0% used [0x00000000d5580000,0x00000000d5580000,0x00000000d9600000)
  from space 10752K, 34% used [0x00000000d9600000,0x00000000d99a8030,0x00000000da080000)
  to   space 10752K, 0% used [0x00000000de100000,0x00000000de100000,0x00000000deb80000)
 ParOldGen       total 87552K, used 9032K [0x0000000080000000, 0x0000000085580000, 0x00000000d5580000)
  object space 87552K, 10% used [0x0000000080000000,0x00000000808d2190,0x0000000085580000)
 Metaspace       used 20591K, capacity 21224K, committed 21296K, reserved 1067008K
  class space    used 2877K, capacity 3076K, committed 3120K, reserved 1048576K
Event: 5.007 GC heap after
Heap after GC invocations=8 (full 1):
 PSYoungGen      total 76800K, used 0K [0x00000000d5580000, 0x00000000deb80000, 0x0000000100000000)
  eden space 66048K, 0% used [0x00000000d5580000,0x00000000d5580000,0x00000000d9600000)
  from space 10752K, 0% used [0x00000000d9600000,0x00000000d9600000,0x00000000da080000)
  to   space 10752K, 0% used [0x00000000de100000,0x00000000de100000,0x00000000deb80000)
 ParOldGen       total 46592K, used 6626K [0x0000000080000000, 0x0000000082d80000, 0x00000000d5580000)
  object space 46592K, 14% used [0x0000000080000000,0x0000000080678818,0x0000000082d80000)
 Metaspace       used 20591K, capacity 21224K, committed 21296K, reserved 1067008K
  class space    used 2877K, capacity 3076K, committed 3120K, reserved 1048576K
}
Event: 6.605 GC heap before
{Heap before GC invocations=9 (full 1):
 PSYoungGen      total 76800K, used 66048K [0x00000000d5580000, 0x00000000deb80000, 0x0000000100000000)
  eden space 66048K, 100% used [0x00000000d5580000,0x00000000d9600000,0x00000000d9600000)
  from space 10752K, 0% used [0x00000000d9600000,0x00000000d9600000,0x00000000da080000)
  to   space 10752K, 0% used [0x00000000de100000,0x00000000de100000,0x00000000deb80000)
 ParOldGen       total 46592K, used 6626K [0x0000000080000000, 0x0000000082d80000, 0x00000000d5580000)
  object space 46592K, 14% used [0x0000000080000000,0x0000000080678818,0x0000000082d80000)
 Metaspace       used 28856K, capacity 29696K, committed 29872K, reserved 1075200K
  class space    used 3996K, capacity 4227K, committed 4272K, reserved 1048576K
Event: 6.618 GC heap after
Heap after GC invocations=9 (full 1):
 PSYoungGen      total 135168K, used 8668K [0x00000000d5580000, 0x00000000de980000, 0x0000000100000000)
  eden space 126464K, 0% used [0x00000000d5580000,0x00000000d5580000,0x00000000dd100000)
  from space 8704K, 99% used [0x00000000de100000,0x00000000de977040,0x00000000de980000)
  to   space 11776K, 0% used [0x00000000dd280000,0x00000000dd280000,0x00000000dde00000)
 ParOldGen       total 46592K, used 6634K [0x0000000080000000, 0x0000000082d80000, 0x00000000d5580000)
  object space 46592K, 14% used [0x0000000080000000,0x000000008067a818,0x0000000082d80000)
 Metaspace       used 28856K, capacity 29696K, committed 29872K, reserved 1075200K
  class space    used 3996K, capacity 4227K, committed 4272K, reserved 1048576K
}
Event: 7.815 GC heap before
{Heap before GC invocations=10 (full 1):
 PSYoungGen      total 135168K, used 100367K [0x00000000d5580000, 0x00000000de980000, 0x0000000100000000)
  eden space 126464K, 72% used [0x00000000d5580000,0x00000000daf0ccb0,0x00000000dd100000)
  from space 8704K, 99% used [0x00000000de100000,0x00000000de977040,0x00000000de980000)
  to   space 11776K, 0% used [0x00000000dd280000,0x00000000dd280000,0x00000000dde00000)
 ParOldGen       total 46592K, used 6634K [0x0000000080000000, 0x0000000082d80000, 0x00000000d5580000)
  object space 46592K, 14% used [0x0000000080000000,0x000000008067a818,0x0000000082d80000)
 Metaspace       used 34278K, capacity 35414K, committed 35496K, reserved 1079296K
  class space    used 4717K, capacity 5002K, committed 5040K, reserved 1048576K
Event: 7.829 GC heap after
Heap after GC invocations=10 (full 1):
 PSYoungGen      total 139776K, used 11050K [0x00000000d5580000, 0x00000000e2c80000, 0x0000000100000000)
  eden space 128000K, 0% used [0x00000000d5580000,0x00000000d5580000,0x00000000dd280000)
  from space 11776K, 93% used [0x00000000dd280000,0x00000000ddd4a8e8,0x00000000dde00000)
  to   space 12800K, 0% used [0x00000000e2000000,0x00000000e2000000,0x00000000e2c80000)
 ParOldGen       total 46592K, used 6642K [0x0000000080000000, 0x0000000082d80000, 0x00000000d5580000)
  object space 46592K, 14% used [0x0000000080000000,0x000000008067c818,0x0000000082d80000)
 Metaspace       used 34278K, capacity 35414K, committed 35496K, reserved 1079296K
  class space    used 4717K, capacity 5002K, committed 5040K, reserved 1048576K
}
Event: 7.829 GC heap before
{Heap before GC invocations=11 (full 2):
 PSYoungGen      total 139776K, used 11050K [0x00000000d5580000, 0x00000000e2c80000, 0x0000000100000000)
  eden space 128000K, 0% used [0x00000000d5580000,0x00000000d5580000,0x00000000dd280000)
  from space 11776K, 93% used [0x00000000dd280000,0x00000000ddd4a8e8,0x00000000dde00000)
  to   space 12800K, 0% used [0x00000000e2000000,0x00000000e2000000,0x00000000e2c80000)
 ParOldGen       total 46592K, used 6642K [0x0000000080000000, 0x0000000082d80000, 0x00000000d5580000)
  object space 46592K, 14% used [0x0000000080000000,0x000000008067c818,0x0000000082d80000)
 Metaspace       used 34278K, capacity 35414K, committed 35496K, reserved 1079296K
  class space    used 4717K, capacity 5002K, committed 5040K, reserved 1048576K
Event: 7.933 GC heap after
Heap after GC invocations=11 (full 2):
 PSYoungGen      total 139776K, used 0K [0x00000000d5580000, 0x00000000e2c80000, 0x0000000100000000)
  eden space 128000K, 0% used [0x00000000d5580000,0x00000000d5580000,0x00000000dd280000)
  from space 11776K, 0% used [0x00000000dd280000,0x00000000dd280000,0x00000000dde00000)
  to   space 12800K, 0% used [0x00000000e2000000,0x00000000e2000000,0x00000000e2c80000)
 ParOldGen       total 66048K, used 17166K [0x0000000080000000, 0x0000000084080000, 0x00000000d5580000)
  object space 66048K, 25% used [0x0000000080000000,0x00000000810c3ba8,0x0000000084080000)
 Metaspace       used 34278K, capacity 35414K, committed 35496K, reserved 1079296K
  class space    used 4717K, capacity 5002K, committed 5040K, reserved 1048576K
}
Event: 9.849 GC heap before
{Heap before GC invocations=12 (full 2):
 PSYoungGen      total 139776K, used 128000K [0x00000000d5580000, 0x00000000e2c80000, 0x0000000100000000)
  eden space 128000K, 100% used [0x00000000d5580000,0x00000000dd280000,0x00000000dd280000)
  from space 11776K, 0% used [0x00000000dd280000,0x00000000dd280000,0x00000000dde00000)
  to   space 12800K, 0% used [0x00000000e2000000,0x00000000e2000000,0x00000000e2c80000)
 ParOldGen       total 66048K, used 17166K [0x0000000080000000, 0x0000000084080000, 0x00000000d5580000)
  object space 66048K, 25% used [0x0000000080000000,0x00000000810c3ba8,0x0000000084080000)
 Metaspace       used 39672K, capacity 41464K, committed 41768K, reserved 1085440K
  class space    used 5473K, capacity 5858K, committed 5936K, reserved 1048576K
Event: 9.866 GC heap after
Heap after GC invocations=12 (full 2):
 PSYoungGen      total 192512K, used 10377K [0x00000000d5580000, 0x00000000e2a80000, 0x0000000100000000)
  eden space 181760K, 0% used [0x00000000d5580000,0x00000000d5580000,0x00000000e0700000)
  from space 10752K, 96% used [0x00000000e2000000,0x00000000e2a224b8,0x00000000e2a80000)
  to   space 13824K, 0% used [0x00000000e0f80000,0x00000000e0f80000,0x00000000e1d00000)
 ParOldGen       total 66048K, used 17174K [0x0000000080000000, 0x0000000084080000, 0x00000000d5580000)
  object space 66048K, 26% used [0x0000000080000000,0x00000000810c5ba8,0x0000000084080000)
 Metaspace       used 39672K, capacity 41464K, committed 41768K, reserved 1085440K
  class space    used 5473K, capacity 5858K, committed 5936K, reserved 1048576K
}

